Using pre-set license
Built from '2020.2/release' branch; Version is '2020.2.1f1 (270dd8c3da1c) revision 2559448'; Using compiler version '192528614'; Build Type 'Release'
OS: 'Windows 10  (10.0.0) 64bit' Language: 'en' Physical Memory: 7068 MB
BatchMode: 1, IsHumanControllingUs: 0, StartBugReporterOnCrash: 0, Is64bit: 1, IsPro: 0

 COMMAND LINE ARGUMENTS:
C:\Program Files\Unity\Hub\Editor\2020.2.1f1\Editor\Unity.exe
-adb2
-batchMode
-noUpm
-name
AssetImportWorker0
-projectPath
H:/Ashu/Space Shooter
-logFile
Logs/AssetImportWorker0.log
-srvPort
49804
Successfully changed project path to: H:/Ashu/Space Shooter
H:/Ashu/Space Shooter
Using Asset Import Pipeline V2.
Refreshing native plugins compatible for Editor in 43.44 ms, found 1 plugins.
Preloading 0 native plugins for Editor in 0.00 ms.
Initialize engine version: 2020.2.1f1 (270dd8c3da1c)
[Subsystems] Discovering subsystems at path C:/Program Files/Unity/Hub/Editor/2020.2.1f1/Editor/Data/Resources/UnitySubsystems
[Subsystems] Discovering subsystems at path H:/Ashu/Space Shooter/Assets
GfxDevice: creating device client; threaded=0
Direct3D:
    Version:  Direct3D 11.0 [level 11.1]
    Renderer: Radeon RX 560X Series (ID=0x67ef)
    Vendor:   
    VRAM:     4075 MB
    Driver:   30.0.14023.1009
Initialize mono
Mono path[0] = 'C:/Program Files/Unity/Hub/Editor/2020.2.1f1/Editor/Data/Managed'
Mono path[1] = 'C:/Program Files/Unity/Hub/Editor/2020.2.1f1/Editor/Data/MonoBleedingEdge/lib/mono/unityjit'
Mono config path = 'C:/Program Files/Unity/Hub/Editor/2020.2.1f1/Editor/Data/MonoBleedingEdge/etc'
Using monoOptions --debugger-agent=transport=dt_socket,embedding=1,server=y,suspend=n,address=127.0.0.1:56372
Begin MonoManager ReloadAssembly
Registering precompiled unity dll's ...
Register platform support module: C:/Program Files/Unity/Hub/Editor/2020.2.1f1/Editor/Data/PlaybackEngines/WindowsStandaloneSupport/UnityEditor.WindowsStandalone.Extensions.dll
Registered in 0.002768 seconds.
Native extension for WindowsStandalone target not found
Refreshing native plugins compatible for Editor in 49.04 ms, found 1 plugins.
Preloading 0 native plugins for Editor in 0.00 ms.
Invoked RoslynAnalysisRunner static constructor.
RoslynAnalysisRunner will not be running.
RoslynAnalysisRunner has terminated.
Mono: successfully reloaded assembly
- Completed reload, in  5.438 seconds
Platform modules already initialized, skipping
Registering precompiled user dll's ...
Registered in 0.001232 seconds.
Begin MonoManager ReloadAssembly
Native extension for WindowsStandalone target not found
Refreshing native plugins compatible for Editor in 43.74 ms, found 1 plugins.
Preloading 0 native plugins for Editor in 0.00 ms.
Invoked RoslynAnalysisRunner static constructor.
RoslynAnalysisRunner will not be running.
RoslynAnalysisRunner has terminated.
Mono: successfully reloaded assembly
- Completed reload, in  1.602 seconds
Platform modules already initialized, skipping
========================================================================
Worker process is ready to serve import requests
Launched and connected shader compiler UnityShaderCompiler.exe after 0.08 seconds
Refreshing native plugins compatible for Editor in 0.65 ms, found 1 plugins.
Preloading 0 native plugins for Editor in 0.00 ms.
Unloading 1794 Unused Serialized files (Serialized files now loaded: 0)
System memory in use before: 84.2 MB.
System memory in use after: 84.2 MB.

Unloading 24 unused Assets to reduce memory usage. Loaded Objects now: 2237.
Total: 3.644900 ms (FindLiveObjects: 0.422100 ms CreateObjectMapping: 0.129000 ms MarkObjects: 2.904800 ms  DeleteObjects: 0.186400 ms)

========================================================================
Received Import Request.
  path: Assets/Scripts/XRecorder_20012022_230456.mp4
  artifactKey: Guid(133cfaa6d5015b2428a7735074cd013c) Importer(815301076,1909f56bfc062723c751e8b465ee728b)
Start importing Assets/Scripts/XRecorder_20012022_230456.mp4 using Guid(133cfaa6d5015b2428a7735074cd013c) Importer(815301076,1909f56bfc062723c751e8b465ee728b)  -> (artifact id: 'd8e4af53afc259070dfbf832c729be61') in 0.074840 seconds
  Import took 0.081646 seconds .

========================================================================
Received Prepare
Registering precompiled user dll's ...
Registered in 0.001366 seconds.
Begin MonoManager ReloadAssembly
Native extension for WindowsStandalone target not found
Refreshing native plugins compatible for Editor in 0.42 ms, found 1 plugins.
Preloading 0 native plugins for Editor in 0.00 ms.
Invoked RoslynAnalysisRunner static constructor.
RoslynAnalysisRunner will not be running.
RoslynAnalysisRunner has terminated.
Mono: successfully reloaded assembly
- Completed reload, in  1.300 seconds
Platform modules already initialized, skipping
Refreshing native plugins compatible for Editor in 0.51 ms, found 1 plugins.
Preloading 0 native plugins for Editor in 0.00 ms.
Unloading 1791 Unused Serialized files (Serialized files now loaded: 0)
System memory in use before: 84.4 MB.
System memory in use after: 84.4 MB.

Unloading 12 unused Assets to reduce memory usage. Loaded Objects now: 2240.
Total: 2.925900 ms (FindLiveObjects: 0.346900 ms CreateObjectMapping: 0.064800 ms MarkObjects: 2.369600 ms  DeleteObjects: 0.143300 ms)

========================================================================
Received Import Request.
  Time since last request: 453.945529 seconds.
  path: Assets/video
  artifactKey: Guid(56f30d50bc650a742a397974e257aa61) Importer(815301076,1909f56bfc062723c751e8b465ee728b)
Start importing Assets/video using Guid(56f30d50bc650a742a397974e257aa61) Importer(815301076,1909f56bfc062723c751e8b465ee728b)  -> (artifact id: '8c56b4850c1cb694a508834fab152578') in 0.018810 seconds
  Import took 0.025039 seconds .

========================================================================
Received Import Request.
  Time since last request: 12.283303 seconds.
  path: Assets/video/XRecorder_20012022_230456.mp4
  artifactKey: Guid(be90d30bf03f5c4438ae48bf5a8e86f3) Importer(815301076,1909f56bfc062723c751e8b465ee728b)
Start importing Assets/video/XRecorder_20012022_230456.mp4 using Guid(be90d30bf03f5c4438ae48bf5a8e86f3) Importer(815301076,1909f56bfc062723c751e8b465ee728b)  -> (artifact id: '11c73a5228942cf470b612cfa8be31d4') in 0.018387 seconds
  Import took 0.023492 seconds .

========================================================================
Received Import Request.
  Time since last request: 8.126053 seconds.
  path: Assets/video/New Render Texture.renderTexture
  artifactKey: Guid(45781ef5416b63b4e8d0085328c24297) Importer(815301076,1909f56bfc062723c751e8b465ee728b)
Start importing Assets/video/New Render Texture.renderTexture using Guid(45781ef5416b63b4e8d0085328c24297) Importer(815301076,1909f56bfc062723c751e8b465ee728b)  -> (artifact id: 'd1121ea7cb6bf5f37bac772889a42009') in 0.104051 seconds
  Import took 0.109827 seconds .

========================================================================
Received Prepare
Registering precompiled user dll's ...
Registered in 0.001061 seconds.
Begin MonoManager ReloadAssembly
Native extension for WindowsStandalone target not found
Refreshing native plugins compatible for Editor in 0.51 ms, found 1 plugins.
Preloading 0 native plugins for Editor in 0.00 ms.
Invoked RoslynAnalysisRunner static constructor.
RoslynAnalysisRunner will not be running.
RoslynAnalysisRunner has terminated.
Mono: successfully reloaded assembly
- Completed reload, in  1.560 seconds
Platform modules already initialized, skipping
Refreshing native plugins compatible for Editor in 0.83 ms, found 1 plugins.
Preloading 0 native plugins for Editor in 0.00 ms.
Unloading 1792 Unused Serialized files (Serialized files now loaded: 0)
System memory in use before: 87.7 MB.
System memory in use after: 87.7 MB.

Unloading 12 unused Assets to reduce memory usage. Loaded Objects now: 2248.
Total: 3.664100 ms (FindLiveObjects: 0.314400 ms CreateObjectMapping: 0.084100 ms MarkObjects: 3.117200 ms  DeleteObjects: 0.146500 ms)

========================================================================
Received Prepare
Registering precompiled user dll's ...
Registered in 0.001130 seconds.
Begin MonoManager ReloadAssembly
Native extension for WindowsStandalone target not found
Refreshing native plugins compatible for Editor in 0.52 ms, found 1 plugins.
Preloading 0 native plugins for Editor in 0.00 ms.
Invoked RoslynAnalysisRunner static constructor.
RoslynAnalysisRunner will not be running.
RoslynAnalysisRunner has terminated.
Mono: successfully reloaded assembly
- Completed reload, in  1.472 seconds
Platform modules already initialized, skipping
Refreshing native plugins compatible for Editor in 0.62 ms, found 1 plugins.
Preloading 0 native plugins for Editor in 0.00 ms.
Unloading 1792 Unused Serialized files (Serialized files now loaded: 0)
System memory in use before: 87.8 MB.
System memory in use after: 87.8 MB.

Unloading 12 unused Assets to reduce memory usage. Loaded Objects now: 2251.
Total: 3.368100 ms (FindLiveObjects: 0.420000 ms CreateObjectMapping: 0.124200 ms MarkObjects: 2.663000 ms  DeleteObjects: 0.158100 ms)

========================================================================
Received Prepare
Registering precompiled user dll's ...
Registered in 0.000996 seconds.
Begin MonoManager ReloadAssembly
Native extension for WindowsStandalone target not found
Refreshing native plugins compatible for Editor in 0.59 ms, found 1 plugins.
Preloading 0 native plugins for Editor in 0.00 ms.
Invoked RoslynAnalysisRunner static constructor.
RoslynAnalysisRunner will not be running.
RoslynAnalysisRunner has terminated.
Mono: successfully reloaded assembly
- Completed reload, in  1.413 seconds
Platform modules already initialized, skipping
Refreshing native plugins compatible for Editor in 0.48 ms, found 1 plugins.
Preloading 0 native plugins for Editor in 0.00 ms.
Unloading 1792 Unused Serialized files (Serialized files now loaded: 0)
System memory in use before: 88.0 MB.
System memory in use after: 88.0 MB.

Unloading 12 unused Assets to reduce memory usage. Loaded Objects now: 2254.
Total: 3.583100 ms (FindLiveObjects: 0.322700 ms CreateObjectMapping: 0.076900 ms MarkObjects: 3.028200 ms  DeleteObjects: 0.153500 ms)

========================================================================
Received Prepare
Registering precompiled user dll's ...
Registered in 0.001208 seconds.
Begin MonoManager ReloadAssembly
Native extension for WindowsStandalone target not found
Refreshing native plugins compatible for Editor in 0.66 ms, found 1 plugins.
Preloading 0 native plugins for Editor in 0.00 ms.
Invoked RoslynAnalysisRunner static constructor.
RoslynAnalysisRunner will not be running.
RoslynAnalysisRunner has terminated.
Mono: successfully reloaded assembly
- Completed reload, in  1.516 seconds
Platform modules already initialized, skipping
Refreshing native plugins compatible for Editor in 0.49 ms, found 1 plugins.
Preloading 0 native plugins for Editor in 0.00 ms.
Unloading 1792 Unused Serialized files (Serialized files now loaded: 0)
System memory in use before: 88.1 MB.
System memory in use after: 88.1 MB.

Unloading 12 unused Assets to reduce memory usage. Loaded Objects now: 2257.
Total: 3.388100 ms (FindLiveObjects: 0.447800 ms CreateObjectMapping: 0.112400 ms MarkObjects: 2.666100 ms  DeleteObjects: 0.159300 ms)

========================================================================
Received Import Request.
  Time since last request: 315.613353 seconds.
  path: Assets/video/New Render Texture.renderTexture
  artifactKey: Guid(45781ef5416b63b4e8d0085328c24297) Importer(815301076,1909f56bfc062723c751e8b465ee728b)
Start importing Assets/video/New Render Texture.renderTexture using Guid(45781ef5416b63b4e8d0085328c24297) Importer(815301076,1909f56bfc062723c751e8b465ee728b)  -> (artifact id: '0cb2740282b99fd062538785e7341832') in 0.081738 seconds
  Import took 0.087879 seconds .

========================================================================
Received Prepare
Registering precompiled user dll's ...
Registered in 0.001981 seconds.
Begin MonoManager ReloadAssembly
Native extension for WindowsStandalone target not found
Refreshing native plugins compatible for Editor in 0.80 ms, found 1 plugins.
Preloading 0 native plugins for Editor in 0.00 ms.
Invoked RoslynAnalysisRunner static constructor.
RoslynAnalysisRunner will not be running.
RoslynAnalysisRunner has terminated.
Mono: successfully reloaded assembly
- Completed reload, in  2.820 seconds
Platform modules already initialized, skipping
Refreshing native plugins compatible for Editor in 1.13 ms, found 1 plugins.
Preloading 0 native plugins for Editor in 0.00 ms.
Unloading 1805 Unused Serialized files (Serialized files now loaded: 0)
System memory in use before: 89.9 MB.
System memory in use after: 89.3 MB.

Unloading 25 unused Assets to reduce memory usage. Loaded Objects now: 2261.
Total: 6.542200 ms (FindLiveObjects: 0.626400 ms CreateObjectMapping: 0.198700 ms MarkObjects: 4.814600 ms  DeleteObjects: 0.899600 ms)

========================================================================
Received Prepare
Registering precompiled user dll's ...
Registered in 0.002729 seconds.
Begin MonoManager ReloadAssembly
Native extension for WindowsStandalone target not found
Refreshing native plugins compatible for Editor in 0.80 ms, found 1 plugins.
Preloading 0 native plugins for Editor in 0.00 ms.
Invoked RoslynAnalysisRunner static constructor.
RoslynAnalysisRunner will not be running.
RoslynAnalysisRunner has terminated.
Mono: successfully reloaded assembly
- Completed reload, in  2.867 seconds
Platform modules already initialized, skipping
Refreshing native plugins compatible for Editor in 0.84 ms, found 1 plugins.
Preloading 0 native plugins for Editor in 0.00 ms.
Unloading 1805 Unused Serialized files (Serialized files now loaded: 0)
System memory in use before: 90.0 MB.
System memory in use after: 89.4 MB.

Unloading 25 unused Assets to reduce memory usage. Loaded Objects now: 2264.
Total: 8.540600 ms (FindLiveObjects: 1.341300 ms CreateObjectMapping: 0.493700 ms MarkObjects: 5.000900 ms  DeleteObjects: 1.697400 ms)

========================================================================
Received Import Request.
  Time since last request: 4249.968956 seconds.
  path: Assets/Scripts/BulletShoot.cs
  artifactKey: Guid(0cef73f20dc9be24eab5df11eda132ea) Importer(815301076,1909f56bfc062723c751e8b465ee728b)
Start importing Assets/Scripts/BulletShoot.cs using Guid(0cef73f20dc9be24eab5df11eda132ea) Importer(815301076,1909f56bfc062723c751e8b465ee728b)  -> (artifact id: '76487c13f9b5b9659ff4edaf7dd9ced6') in 0.039396 seconds
  Import took 0.047847 seconds .

========================================================================
Received Import Request.
  Time since last request: 0.061648 seconds.
  path: Assets/Scripts/BulletShoot.cs
  artifactKey: Guid(0cef73f20dc9be24eab5df11eda132ea) Importer(815301076,1909f56bfc062723c751e8b465ee728b)
Start importing Assets/Scripts/BulletShoot.cs using Guid(0cef73f20dc9be24eab5df11eda132ea) Importer(815301076,1909f56bfc062723c751e8b465ee728b)  -> (artifact id: '76487c13f9b5b9659ff4edaf7dd9ced6') in 0.010457 seconds
  Import took 0.018604 seconds .

========================================================================
Received Prepare
Registering precompiled user dll's ...
Registered in 0.002642 seconds.
Begin MonoManager ReloadAssembly
Native extension for WindowsStandalone target not found
Refreshing native plugins compatible for Editor in 0.82 ms, found 1 plugins.
Preloading 0 native plugins for Editor in 0.00 ms.
Invoked RoslynAnalysisRunner static constructor.
RoslynAnalysisRunner will not be running.
RoslynAnalysisRunner has terminated.
Mono: successfully reloaded assembly
- Completed reload, in  3.146 seconds
Platform modules already initialized, skipping
Refreshing native plugins compatible for Editor in 1.27 ms, found 1 plugins.
Preloading 0 native plugins for Editor in 0.00 ms.
Unloading 1805 Unused Serialized files (Serialized files now loaded: 0)
System memory in use before: 90.1 MB.
System memory in use after: 89.5 MB.

Unloading 25 unused Assets to reduce memory usage. Loaded Objects now: 2267.
Total: 8.466700 ms (FindLiveObjects: 0.678500 ms CreateObjectMapping: 0.189300 ms MarkObjects: 6.375300 ms  DeleteObjects: 1.219400 ms)

========================================================================
Received Prepare
Registering precompiled user dll's ...
Registered in 0.001953 seconds.
Begin MonoManager ReloadAssembly
Native extension for WindowsStandalone target not found
Refreshing native plugins compatible for Editor in 0.80 ms, found 1 plugins.
Preloading 0 native plugins for Editor in 0.00 ms.
Invoked RoslynAnalysisRunner static constructor.
RoslynAnalysisRunner will not be running.
RoslynAnalysisRunner has terminated.
Mono: successfully reloaded assembly
- Completed reload, in  2.861 seconds
Platform modules already initialized, skipping
Refreshing native plugins compatible for Editor in 0.80 ms, found 1 plugins.
Preloading 0 native plugins for Editor in 0.00 ms.
Unloading 1805 Unused Serialized files (Serialized files now loaded: 0)
System memory in use before: 90.3 MB.
System memory in use after: 89.7 MB.

Unloading 25 unused Assets to reduce memory usage. Loaded Objects now: 2270.
Total: 6.534000 ms (FindLiveObjects: 0.478400 ms CreateObjectMapping: 0.125900 ms MarkObjects: 4.926300 ms  DeleteObjects: 1.000500 ms)

========================================================================
Received Prepare
Registering precompiled user dll's ...
Registered in 0.002114 seconds.
Begin MonoManager ReloadAssembly
Native extension for WindowsStandalone target not found
Refreshing native plugins compatible for Editor in 0.83 ms, found 1 plugins.
Preloading 0 native plugins for Editor in 0.00 ms.
Invoked RoslynAnalysisRunner static constructor.
RoslynAnalysisRunner will not be running.
RoslynAnalysisRunner has terminated.
Mono: successfully reloaded assembly
- Completed reload, in  2.831 seconds
Platform modules already initialized, skipping
Refreshing native plugins compatible for Editor in 0.79 ms, found 1 plugins.
Preloading 0 native plugins for Editor in 0.00 ms.
Unloading 1805 Unused Serialized files (Serialized files now loaded: 0)
System memory in use before: 90.4 MB.
System memory in use after: 89.8 MB.

Unloading 25 unused Assets to reduce memory usage. Loaded Objects now: 2273.
Total: 5.556800 ms (FindLiveObjects: 0.489600 ms CreateObjectMapping: 0.101800 ms MarkObjects: 4.000000 ms  DeleteObjects: 0.962900 ms)

AssetImportWorkerClient::OnTransportError - code=2 error=End of file
